20:27:11.924 karate.env system property was: dev 
20:27:13.615 this thread waited 1686 milliseconds for callSingle lock: classpath:Functional/MicroServiceDefinitionLayer/Config/authRequest.feature
20:27:13.621 AuthenticationToken:  true 
20:27:13.623 Token_Type:  dummy 
20:27:13.680 request:
1 > GET https://pokeapi.co/api/v2/pokemon?limit=10&offset=200
1 > Accept-Encoding: gzip,deflate
1 > Authorization: authParameters
1 > Connection: Keep-Alive
1 > Host: pokeapi.co
1 > User-Agent: Apache-HttpClient/4.5.12 (Java/1.8.0_131)

20:27:14.528 response time in milliseconds: 845.17
1 < 200
1 < Access-Control-Allow-Origin: *
1 < Age: 2068
1 < CF-Cache-Status: HIT
1 < CF-RAY: 5e7ae68aea80227b-HKG
1 < Cache-Control: public, max-age=86400, s-maxage=86400
1 < Connection: keep-alive
1 < Content-Type: application/json; charset=utf-8
1 < Date: Sun, 25 Oct 2020 09:27:14 GMT
1 < Etag: W/"337-WEokXI0Xl8ngEoHVQErOKDIpoLg"
1 < Expect-CT: max-age=604800, report-uri="https://report-uri.cloudflare.com/cdn-cgi/beacon/expect-ct"
1 < Function-Execution-Id: qohy5wopunbc
1 < NEL: {"report_to":"cf-nel","max_age":604800}
1 < Report-To: {"endpoints":[{"url":"https:\/\/a.nel.cloudflare.com\/report?s=kHdck3wFRpd23RPL6YOs38EN1F0ILawZsTwTvQjUvI68vf6Negl8lFzGWjDxjQimTOaUkjtTHZQbCxtwiJSXJvv5JQOKHFND8UIm"}],"group":"cf-nel","max_age":604800}
1 < Server: cloudflare
1 < Set-Cookie: __cfduid=df1e3088d2a2f9092fa3495aa7967ea5f1603618034; expires=Tue, 24-Nov-20 09:27:14 GMT; path=/; domain=.pokeapi.co; HttpOnly; SameSite=Lax; Secure
1 < Transfer-Encoding: chunked
1 < Vary: Accept-Encoding,cookie,need-authorization, x-fh-requested-host, accept-encoding
1 < X-Cache: MISS
1 < X-Cache-Hits: 0
1 < X-Cloud-Trace-Context: 84567bbf9cadedfde70091cd404aa488
1 < X-Country-Code: HK
1 < X-Powered-By: Express
1 < X-Served-By: cache-hkg17933-HKG
1 < X-Timer: S1603615965.494516,VS0,VE713
1 < cf-request-id: 0600ae6acd0000227b850a7000000001
{"count":1050,"next":"https://pokeapi.co/api/v2/pokemon?offset=210&limit=10","previous":"https://pokeapi.co/api/v2/pokemon?offset=190&limit=10","results":[{"name":"unown","url":"https://pokeapi.co/api/v2/pokemon/201/"},{"name":"wobbuffet","url":"https://pokeapi.co/api/v2/pokemon/202/"},{"name":"girafarig","url":"https://pokeapi.co/api/v2/pokemon/203/"},{"name":"pineco","url":"https://pokeapi.co/api/v2/pokemon/204/"},{"name":"forretress","url":"https://pokeapi.co/api/v2/pokemon/205/"},{"name":"dunsparce","url":"https://pokeapi.co/api/v2/pokemon/206/"},{"name":"gligar","url":"https://pokeapi.co/api/v2/pokemon/207/"},{"name":"steelix","url":"https://pokeapi.co/api/v2/pokemon/208/"},{"name":"snubbull","url":"https://pokeapi.co/api/v2/pokemon/209/"},{"name":"granbull","url":"https://pokeapi.co/api/v2/pokemon/210/"}]}

20:27:14.617 karate.env system property was: dev 
20:27:14.618 AuthenticationToken:  true 
20:27:14.618 Token_Type:  dummy 
20:27:14.666 request:
1 > GET https://pokeapi.co/api/v2/pokemon?limit=10&offset=-1
1 > Accept-Encoding: gzip,deflate
1 > Authorization: authParameters
1 > Connection: Keep-Alive
1 > Host: pokeapi.co
1 > User-Agent: Apache-HttpClient/4.5.12 (Java/1.8.0_131)

20:27:15.233 response time in milliseconds: 565.11
1 < 200
1 < Access-Control-Allow-Origin: *
1 < Age: 2063
1 < CF-Cache-Status: HIT
1 < CF-RAY: 5e7ae68f5eb2194f-HKG
1 < Cache-Control: public, max-age=86400, s-maxage=86400
1 < Connection: keep-alive
1 < Content-Type: application/json; charset=utf-8
1 < Date: Sun, 25 Oct 2020 09:27:15 GMT
1 < Etag: W/"68-MOEZ4Wv/rHXyva6NHLC02cR3aFQ"
1 < Expect-CT: max-age=604800, report-uri="https://report-uri.cloudflare.com/cdn-cgi/beacon/expect-ct"
1 < Function-Execution-Id: qohykp9vpq71
1 < NEL: {"report_to":"cf-nel","max_age":604800}
1 < Report-To: {"endpoints":[{"url":"https:\/\/a.nel.cloudflare.com\/report?s=5VtBBraVAJq5NlsAhQAe3YmWfni2RBhJzqWjpA01Rj8btsqtfiqlaExyjqshheJgQvxtIynNAdw87z8aTkDiurBNz0CexR9eaKdW"}],"group":"cf-nel","max_age":604800}
1 < Server: cloudflare
1 < Set-Cookie: __cfduid=d475c2930087a2c50c15e815f20e91a1c1603618035; expires=Tue, 24-Nov-20 09:27:15 GMT; path=/; domain=.pokeapi.co; HttpOnly; SameSite=Lax; Secure
1 < Transfer-Encoding: chunked
1 < Vary: Accept-Encoding,cookie,need-authorization, x-fh-requested-host, accept-encoding
1 < X-Cache: MISS
1 < X-Cache-Hits: 0
1 < X-Cloud-Trace-Context: a6cb4d13c38faf22c251bc4c0c09ff20;o=1
1 < X-Country-Code: HK
1 < X-Powered-By: Express
1 < X-Served-By: cache-hkg17925-HKG
1 < X-Timer: S1603615971.337296,VS0,VE929
1 < cf-request-id: 0600ae6d990000194fbd1f7000000001
{"count":1050,"next":"https://pokeapi.co/api/v2/pokemon?offset=9&limit=10","previous":null,"results":[]}

K8q2TTt3vdhnVuDVwrolILsrWzHd8shkztgwHLmauPcnzaz9QtP2zongrumVKWrxyV0lh0cT6"}],"group":"cf-nel","max_age":604800}
1 < Server: cloudflare
1 < Set-Cookie: __cfduid=d4c1442315f9dc6c9bdd09450012484dd1603617645; expires=Tue, 24-Nov-20 09:20:45 GMT; path=/; domain=.pokeapi.co; HttpOnly; SameSite=Lax; Secure
1 < Transfer-Encoding: chunked
1 < Vary: Accept-Encoding,cookie,need-authorization, x-fh-requested-host, accept-encoding
1 < X-Cache: MISS
1 < X-Cache-Hits: 0
1 < X-Cloud-Trace-Context: a6cb4d13c38faf22c251bc4c0c09ff20;o=1
1 < X-Country-Code: HK
1 < X-Powered-By: Express
1 < X-Served-By: cache-hkg17925-HKG
1 < X-Timer: S1603615971.337296,VS0,VE929
1 < cf-request-id: 0600a87d620000d1b7eca62000000001
{"count":1050,"next":"https://pokeapi.co/api/v2/pokemon?offset=9&limit=10","previous":null,"results":[]}

er/Config/authRequest.feature', config)
    config.authRequest = {authToken: tokenResult.token, authType: tokenResult.token_type}
    karate.log('AuthenticationToken: ', config.authRequest.authToken)
    karate.log('Token_Type: ', config.authRequest.authType)

    baseUrl = 'https://pokeapi.co/api/v2/pokemon'
    baseWebUrl = 'https://demoqa.com'

  } else if (env == 'test') {
    var tokenResult = karate.callSingle('classpath:Functional/MicroServiceDefinitionLayer/Config/authRequest.feature', config)
       config.authRequest = {authToken: tokenResult.token, authType: tokenResult.token_type}
       karate.log('AuthenticationToken: ', config.authRequest.authToken)
       karate.log('Token_Type: ', config.authRequest.authType)

       baseUrl = 'https://pokeapi.co/api/v1/pokemon'
       baseWebUrl = 'https://demoqa.com'
  }
     else if (env == 'sit') {
      // customize
    }
  return config;
}
20:20:18.435 evaluation of 'karate-config.js' failed: javascript function call failed: com.intuit.karate.exception.KarateException: 
authRequest.feature:24 - status code was: 401, expected: 200, response time: 893, url: https://postman-echo.com/auth/hawk, response: {"error":"Unauthorized","message":"Unauthorized","statusCode":401}
