06:59:09.489 karate.env system property was:  
06:59:09.498 >> lock acquired, begin callSingle: classpath:MicroServiceDefinitionLayer/Config/authRequest.feature
06:59:09.900 request:
1 > GET https://postman-echo.com/basic-auth
1 > Accept-Encoding: gzip,deflate
1 > Authorization: Basic cG9zdG1hbjpwYXNzd29yZA==
1 > Connection: Keep-Alive
1 > Host: postman-echo.com
1 > User-Agent: Apache-HttpClient/4.5.12 (Java/1.8.0_131)

06:59:11.189 response time in milliseconds: 1284.06
1 < 200
1 < Connection: keep-alive
1 < Content-Length: 22
1 < Content-Type: application/json; charset=utf-8
1 < Date: Sun, 06 Sep 2020 20:59:11 GMT
1 < ETag: W/"16-sJz8uwjdDv0wvm7//BYdNw8vMbU"
1 < Vary: Accept-Encoding
1 < set-cookie: sails.sid=s%3AC494hrV58al17ejML2_8IGmUb7zSfPt_.jerDpcEPP4qKttvKbJi6muPoZ%2BO%2FSA5GUVDVy8hn%2F90; Path=/; HttpOnly
{"authenticated":true}

06:59:11.213 << lock released, cached callSingle: classpath:MicroServiceDefinitionLayer/Config/authRequest.feature
06:59:11.228 AuthenticationToken:  true 
06:59:11.230 Token_Type:  dummy 
06:59:19.800 [print] No Of @type text fields:  8
s) - retry #1
06:51:00.057 waitUntil (js) - retry #2
06:51:04.073 waitUntil (js) - retry #3
06:51:08.086 waitUntil (js): failed after 3 retries and 14057 milliseconds
ds
tpClient/4.5.12 (Java/1.8.0_131)

11:41:24.191 response time in milliseconds: 1132.40
1 < 200
1 < Access-Control-Allow-Origin: *
1 < Age: 78529
1 < CF-Cache-Status: HIT
1 < CF-RAY: 5ce47cc8fa5f2398-HKG
1 < Cache-Control: public, max-age=86400, s-maxage=86400
1 < Connection: keep-alive
1 < Content-Type: application/json; charset=utf-8
1 < Date: Sun, 06 Sep 2020 01:41:24 GMT
1 < Etag: W/"337-WEokXI0Xl8ngEoHVQErOKDIpoLg"
1 < Expect-CT: max-age=604800, report-uri="https://report-uri.cloudflare.com/cdn-cgi/beacon/expect-ct"
1 < Function-Execution-Id: c2dqaipiiz0d
1 < Server: cloudflare
1 < Set-Cookie: __cfduid=d40c185314d56e8f17c2f4c64682055d31599356483; expires=Tue, 06-Oct-20 01:41:23 GMT; path=/; domain=.pokeapi.co; HttpOnly; SameSite=Lax; Secure
1 < Transfer-Encoding: chunked
1 < Vary: Accept-Encoding,cookie,need-authorization, x-fh-requested-host, accept-encoding
1 < X-Cache: MISS
1 < X-Cache-Hits: 0
1 < X-Cloud-Trace-Context: 7294d6ad1705be0c665b671b4d93f013
1 < X-Country-Code: HK
1 < X-Powered-By: Express
1 < X-Served-By: cache-hkg17920-HKG
1 < X-Timer: S1599277955.668909,VS0,VE582
1 < cf-request-id: 0502ac51990000239886243200000001
{"count":1050,"next":"https://pokeapi.co/api/v2/pokemon?offset=210&limit=10","previous":"https://pokeapi.co/api/v2/pokemon?offset=190&limit=10","results":[{"name":"unown","url":"https://pokeapi.co/api/v2/pokemon/201/"},{"name":"wobbuffet","url":"https://pokeapi.co/api/v2/pokemon/202/"},{"name":"girafarig","url":"https://pokeapi.co/api/v2/pokemon/203/"},{"name":"pineco","url":"https://pokeapi.co/api/v2/pokemon/204/"},{"name":"forretress","url":"https://pokeapi.co/api/v2/pokemon/205/"},{"name":"dunsparce","url":"https://pokeapi.co/api/v2/pokemon/206/"},{"name":"gligar","url":"https://pokeapi.co/api/v2/pokemon/207/"},{"name":"steelix","url":"https://pokeapi.co/api/v2/pokemon/208/"},{"name":"snubbull","url":"https://pokeapi.co/api/v2/pokemon/209/"},{"name":"granbull","url":"https://pokeapi.co/api/v2/pokemon/210/"}]}

11:41:24.217 karate.env system property was:  
11:41:24.218 AuthenticationToken:  true 
11:41:24.218 Token_Type:  dummy 
11:41:24.226 request:
1 > GET https://pokeapi.co/api/v2/pokemon?limit=10&offset=200
1 > Accept-Encoding: gzip,deflate
1 > Authorization: authParameters
1 > Connection: Keep-Alive
1 > Host: pokeapi.co
1 > User-Agent: Apache-HttpClient/4.5.12 (Java/1.8.0_131)

11:41:25.048 response time in milliseconds: 820.37
1 < 200
1 < Access-Control-Allow-Origin: *
1 < Age: 78529
1 < CF-Cache-Status: HIT
1 < CF-RAY: 5ce47cce2d3d1969-HKG
1 < Cache-Control: public, max-age=86400, s-maxage=86400
1 < Connection: keep-alive
1 < Content-Type: application/json; charset=utf-8
1 < Date: Sun, 06 Sep 2020 01:41:24 GMT
1 < Etag: W/"337-WEokXI0Xl8ngEoHVQErOKDIpoLg"
1 < Expect-CT: max-age=604800, report-uri="https://report-uri.cloudflare.com/cdn-cgi/beacon/expect-ct"
1 < Function-Execution-Id: c2dqaipiiz0d
1 < Server: cloudflare
1 < Set-Cookie: __cfduid=d28b0771578aacbc7f0e9159af6730b5c1599356484; expires=Tue, 06-Oct-20 01:41:24 GMT; path=/; domain=.pokeapi.co; HttpOnly; SameSite=Lax; Secure
1 < Transfer-Encoding: chunked
1 < Vary: Accept-Encoding,cookie,need-authorization, x-fh-requested-host, accept-encoding
1 < X-Cache: MISS
1 < X-Cache-Hits: 0
1 < X-Cloud-Trace-Context: 7294d6ad1705be0c665b671b4d93f013
1 < X-Country-Code: HK
1 < X-Powered-By: Express
1 < X-Served-By: cache-hkg17920-HKG
1 < X-Timer: S1599277955.668909,VS0,VE582
1 < cf-request-id: 0502ac54d400001969ea906200000001
{"count":1050,"next":"https://pokeapi.co/api/v2/pokemon?offset=210&limit=10","previous":"https://pokeapi.co/api/v2/pokemon?offset=190&limit=10","results":[{"name":"unown","url":"https://pokeapi.co/api/v2/pokemon/201/"},{"name":"wobbuffet","url":"https://pokeapi.co/api/v2/pokemon/202/"},{"name":"girafarig","url":"https://pokeapi.co/api/v2/pokemon/203/"},{"name":"pineco","url":"https://pokeapi.co/api/v2/pokemon/204/"},{"name":"forretress","url":"https://pokeapi.co/api/v2/pokemon/205/"},{"name":"dunsparce","url":"https://pokeapi.co/api/v2/pokemon/206/"},{"name":"gligar","url":"https://pokeapi.co/api/v2/pokemon/207/"},{"name":"steelix","url":"https://pokeapi.co/api/v2/pokemon/208/"},{"name":"snubbull","url":"https://pokeapi.co/api/v2/pokemon/209/"},{"name":"granbull","url":"https://pokeapi.co/api/v2/pokemon/210/"}]}

11:41:25.068 karate.env system property was:  
11:41:25.069 AuthenticationToken:  true 
11:41:25.069 Token_Type:  dummy 
11:41:25.085 request:
1 > GET https://pokeapi.co/api/v2/pokemon?limit=16&offset=200
1 > Accept-Encoding: gzip,deflate
1 > Authorization: authParameters
1 > Connection: Keep-Alive
1 > Host: pokeapi.co
1 > User-Agent: Apache-HttpClient/4.5.12 (Java/1.8.0_131)

11:41:25.867 response time in milliseconds: 780.33
1 < 200
1 < Accept-Ranges: bytes
1 < Access-Control-Allow-Origin: *
1 < Age: 720
1 < CF-Cache-Status: HIT
1 < CF-RAY: 5ce47cd379c8194f-HKG
1 < Cache-Control: public, max-age=86400, s-maxage=86400
1 < Connection: keep-alive
1 < Content-Type: application/json; charset=utf-8
1 < Date: Sun, 06 Sep 2020 01:41:25 GMT
1 < Etag: W/"4c7-++qwizJphK7yop1EWHKbfIu44tU"
1 < Expect-CT: max-age=604800, report-uri="https://report-uri.cloudflare.com/cdn-cgi/beacon/expect-ct"
1 < Function-Execution-Id: wtbe7tcz168u
1 < Server: cloudflare
1 < Set-Cookie: __cfduid=dc9717f4fe48e6e9a83a20bb15ab918151599356485; expires=Tue, 06-Oct-20 01:41:25 GMT; path=/; domain=.pokeapi.co; HttpOnly; SameSite=Lax; Secure
1 < Vary: Accept-Encoding,cookie,need-authorization, x-fh-requested-host, accept-encoding
1 < X-Cache: MISS
1 < X-Cache-Hits: 0
1 < X-Cloud-Trace-Context: 8f117bf8bf7d81a54f619e7c01066a27
1 < X-Country-Code: HK
1 < X-Powered-By: Express
1 < X-Served-By: cache-hkg17930-HKG
1 < X-Timer: S1599355765.152264,VS0,VE534
1 < cf-request-id: 0502ac582e0000194f23860200000001
{"count":1050,"next":"https://pokeapi.co/api/v2/pokemon?offset=216&limit=16","previous":"https://pokeapi.co/api/v2/pokemon?offset=184&limit=16","results":[{"name":"unown","url":"https://pokeapi.co/api/v2/pokemon/201/"},{"name":"wobbuffet","url":"https://pokeapi.co/api/v2/pokemon/202/"},{"name":"girafarig","url":"https://pokeapi.co/api/v2/pokemon/203/"},{"name":"pineco","url":"https://pokeapi.co/api/v2/pokemon/204/"},{"name":"forretress","url":"https://pokeapi.co/api/v2/pokemon/205/"},{"name":"dunsparce","url":"https://pokeapi.co/api/v2/pokemon/206/"},{"name":"gligar","url":"https://pokeapi.co/api/v2/pokemon/207/"},{"name":"steelix","url":"https://pokeapi.co/api/v2/pokemon/208/"},{"name":"snubbull","url":"https://pokeapi.co/api/v2/pokemon/209/"},{"name":"granbull","url":"https://pokeapi.co/api/v2/pokemon/210/"},{"name":"qwilfish","url":"https://pokeapi.co/api/v2/pokemon/211/"},{"name":"scizor","url":"https://pokeapi.co/api/v2/pokemon/212/"},{"name":"shuckle","url":"https://pokeapi.co/api/v2/pokemon/213/"},{"name":"heracross","url":"https://pokeapi.co/api/v2/pokemon/214/"},{"name":"sneasel","url":"https://pokeapi.co/api/v2/pokemon/215/"},{"name":"teddiursa","url":"https://pokeapi.co/api/v2/pokemon/216/"}]}

11:41:25.902 karate.env system property was:  
11:41:25.904 AuthenticationToken:  true 
11:41:25.906 Token_Type:  dummy 
11:41:25.922 request:
1 > GET https://pokeapi.co/api/v2/pokemon?limit=20&offset=200
1 > Accept-Encoding: gzip,deflate
1 > Authorization: authParameters
1 > Connection: Keep-Alive
1 > Host: pokeapi.co
1 > User-Agent: Apache-HttpClient/4.5.12 (Java/1.8.0_131)

11:41:26.891 response time in milliseconds: 967.32
1 < 200
1 < Accept-Ranges: bytes
1 < Access-Control-Allow-Origin: *
1 < Age: 694
1 < CF-Cache-Status: HIT
1 < CF-RAY: 5ce47cd99da82440-HKG
1 < Cache-Control: public, max-age=86400, s-maxage=86400
1 < Connection: keep-alive
1 < Content-Type: application/json; charset=utf-8
1 < Date: Sun, 06 Sep 2020 01:41:26 GMT
1 < Etag: W/"5cf-jFDcS2szrWGjqpGTVSln/4odnCQ"
1 < Expect-CT: max-age=604800, report-uri="https://report-uri.cloudflare.com/cdn-cgi/beacon/expect-ct"
1 < Function-Execution-Id: wtbem26uav1x
1 < Server: cloudflare
1 < Set-Cookie: __cfduid=dd8779a648be2448a7dfdcf0cb01735ce1599356486; expires=Tue, 06-Oct-20 01:41:26 GMT; path=/; domain=.pokeapi.co; HttpOnly; SameSite=Lax; Secure
1 < Vary: Accept-Encoding,cookie,need-authorization, x-fh-requested-host, accept-encoding
1 < X-Cache: MISS
1 < X-Cache-Hits: 0
1 < X-Cloud-Trace-Context: 9f2bd991a6e5ae5dd8bbcbf93704d4bf
1 < X-Country-Code: HK
1 < X-Powered-By: Express
1 < X-Served-By: cache-hkg17922-HKG
1 < X-Timer: S1599355792.753266,VS0,VE529
1 < cf-request-id: 0502ac5c020000244049906200000001
{"count":1050,"next":"https://pokeapi.co/api/v2/pokemon?offset=220&limit=20","previous":"https://pokeapi.co/api/v2/pokemon?offset=180&limit=20","results":[{"name":"unown","url":"https://pokeapi.co/api/v2/pokemon/201/"},{"name":"wobbuffet","url":"https://pokeapi.co/api/v2/pokemon/202/"},{"name":"girafarig","url":"https://pokeapi.co/api/v2/pokemon/203/"},{"name":"pineco","url":"https://pokeapi.co/api/v2/pokemon/204/"},{"name":"forretress","url":"https://pokeapi.co/api/v2/pokemon/205/"},{"name":"dunsparce","url":"https://pokeapi.co/api/v2/pokemon/206/"},{"name":"gligar","url":"https://pokeapi.co/api/v2/pokemon/207/"},{"name":"steelix","url":"https://pokeapi.co/api/v2/pokemon/208/"},{"name":"snubbull","url":"https://pokeapi.co/api/v2/pokemon/209/"},{"name":"granbull","url":"https://pokeapi.co/api/v2/pokemon/210/"},{"name":"qwilfish","url":"https://pokeapi.co/api/v2/pokemon/211/"},{"name":"scizor","url":"https://pokeapi.co/api/v2/pokemon/212/"},{"name":"shuckle","url":"https://pokeapi.co/api/v2/pokemon/213/"},{"name":"heracross","url":"https://pokeapi.co/api/v2/pokemon/214/"},{"name":"sneasel","url":"https://pokeapi.co/api/v2/pokemon/215/"},{"name":"teddiursa","url":"https://pokeapi.co/api/v2/pokemon/216/"},{"name":"ursaring","url":"https://pokeapi.co/api/v2/pokemon/217/"},{"name":"slugma","url":"https://pokeapi.co/api/v2/pokemon/218/"},{"name":"magcargo","url":"https://pokeapi.co/api/v2/pokemon/219/"},{"name":"swinub","url":"https://pokeapi.co/api/v2/pokemon/220/"}]}

11:41:26.918 karate.env system property was:  
11:41:26.920 AuthenticationToken:  true 
11:41:26.920 Token_Type:  dummy 
11:41:26.931 request:
1 > GET https://pokeapi.co/api/v2/pokemon?limit=50&offset=200
1 > Accept-Encoding: gzip,deflate
1 > Authorization: authParameters
1 > Connection: Keep-Alive
1 > Host: pokeapi.co
1 > User-Agent: Apache-HttpClient/4.5.12 (Java/1.8.0_131)

11:41:28.328 response time in milliseconds: 1393.82
1 < 200
1 < Accept-Ranges: bytes
1 < Access-Control-Allow-Origin: *
1 < CF-Cache-Status: MISS
1 < CF-RAY: 5ce47cdf5c5d1228-HKG
1 < Cache-Control: public, max-age=86400, s-maxage=86400
1 < Connection: keep-alive
1 < Content-Type: application/json; charset=utf-8
1 < Date: Sun, 06 Sep 2020 01:41:28 GMT
1 < Etag: W/"d92-60b7JAFRSLQK1TDzC/GjwdU5z7I"
1 < Expect-CT: max-age=604800, report-uri="https://report-uri.cloudflare.com/cdn-cgi/beacon/expect-ct"
1 < Function-Execution-Id: llos0tlzvlqy
1 < Server: cloudflare
1 < Set-Cookie: __cfduid=d4ede60d6ee15d8b570dd5c3a12fb53211599356487; expires=Tue, 06-Oct-20 01:41:27 GMT; path=/; domain=.pokeapi.co; HttpOnly; SameSite=Lax; Secure
1 < Vary: Accept-Encoding,cookie,need-authorization, x-fh-requested-host, accept-encoding
1 < X-Cache: HIT
1 < X-Cache-Hits: 1
1 < X-Cloud-Trace-Context: 63969b1ca16b2e5ee284f78170001945
1 < X-Country-Code: KR
1 < X-Powered-By: Express
1 < X-Served-By: cache-hkg17924-HKG
1 < X-Timer: S1599356488.589383,VS0,VE495
1 < cf-request-id: 0502ac5f96000012282711a200000001
{"count":1050,"next":"https://pokeapi.co/api/v2/pokemon?offset=250&limit=50","previous":"https://pokeapi.co/api/v2/pokemon?offset=150&limit=50","results":[{"name":"unown","url":"https://pokeapi.co/api/v2/pokemon/201/"},{"name":"wobbuffet","url":"https://pokeapi.co/api/v2/pokemon/202/"},{"name":"girafarig","url":"https://pokeapi.co/api/v2/pokemon/203/"},{"name":"pineco","url":"https://pokeapi.co/api/v2/pokemon/204/"},{"name":"forretress","url":"https://pokeapi.co/api/v2/pokemon/205/"},{"name":"dunsparce","url":"https://pokeapi.co/api/v2/pokemon/206/"},{"name":"gligar","url":"https://pokeapi.co/api/v2/pokemon/207/"},{"name":"steelix","url":"https://pokeapi.co/api/v2/pokemon/208/"},{"name":"snubbull","url":"https://pokeapi.co/api/v2/pokemon/209/"},{"name":"granbull","url":"https://pokeapi.co/api/v2/pokemon/210/"},{"name":"qwilfish","url":"https://pokeapi.co/api/v2/pokemon/211/"},{"name":"scizor","url":"https://pokeapi.co/api/v2/pokemon/212/"},{"name":"shuckle","url":"https://pokeapi.co/api/v2/pokemon/213/"},{"name":"heracross","url":"https://pokeapi.co/api/v2/pokemon/214/"},{"name":"sneasel","url":"https://pokeapi.co/api/v2/pokemon/215/"},{"name":"teddiursa","url":"https://pokeapi.co/api/v2/pokemon/216/"},{"name":"ursaring","url":"https://pokeapi.co/api/v2/pokemon/217/"},{"name":"slugma","url":"https://pokeapi.co/api/v2/pokemon/218/"},{"name":"magcargo","url":"https://pokeapi.co/api/v2/pokemon/219/"},{"name":"swinub","url":"https://pokeapi.co/api/v2/pokemon/220/"},{"name":"piloswine","url":"https://pokeapi.co/api/v2/pokemon/221/"},{"name":"corsola","url":"https://pokeapi.co/api/v2/pokemon/222/"},{"name":"remoraid","url":"https://pokeapi.co/api/v2/pokemon/223/"},{"name":"octillery","url":"https://pokeapi.co/api/v2/pokemon/224/"},{"name":"delibird","url":"https://pokeapi.co/api/v2/pokemon/225/"},{"name":"mantine","url":"https://pokeapi.co/api/v2/pokemon/226/"},{"name":"skarmory","url":"https://pokeapi.co/api/v2/pokemon/227/"},{"name":"houndour","url":"https://pokeapi.co/api/v2/pokemon/228/"},{"name":"houndoom","url":"https://pokeapi.co/api/v2/pokemon/229/"},{"name":"kingdra","url":"https://pokeapi.co/api/v2/pokemon/230/"},{"name":"phanpy","url":"https://pokeapi.co/api/v2/pokemon/231/"},{"name":"donphan","url":"https://pokeapi.co/api/v2/pokemon/232/"},{"name":"porygon2","url":"https://pokeapi.co/api/v2/pokemon/233/"},{"name":"stantler","url":"https://pokeapi.co/api/v2/pokemon/234/"},{"name":"smeargle","url":"https://pokeapi.co/api/v2/pokemon/235/"},{"name":"tyrogue","url":"https://pokeapi.co/api/v2/pokemon/236/"},{"name":"hitmontop","url":"https://pokeapi.co/api/v2/pokemon/237/"},{"name":"smoochum","url":"https://pokeapi.co/api/v2/pokemon/238/"},{"name":"elekid","url":"https://pokeapi.co/api/v2/pokemon/239/"},{"name":"magby","url":"https://pokeapi.co/api/v2/pokemon/240/"},{"name":"miltank","url":"https://pokeapi.co/api/v2/pokemon/241/"},{"name":"blissey","url":"https://pokeapi.co/api/v2/pokemon/242/"},{"name":"raikou","url":"https://pokeapi.co/api/v2/pokemon/243/"},{"name":"entei","url":"https://pokeapi.co/api/v2/pokemon/244/"},{"name":"suicune","url":"https://pokeapi.co/api/v2/pokemon/245/"},{"name":"larvitar","url":"https://pokeapi.co/api/v2/pokemon/246/"},{"name":"pupitar","url":"https://pokeapi.co/api/v2/pokemon/247/"},{"name":"tyranitar","url":"https://pokeapi.co/api/v2/pokemon/248/"},{"name":"lugia","url":"https://pokeapi.co/api/v2/pokemon/249/"},{"name":"ho-oh","url":"https://pokeapi.co/api/v2/pokemon/250/"}]}

11:41:28.360 karate.env system property was:  
11:41:28.361 AuthenticationToken:  true 
11:41:28.361 Token_Type:  dummy 
11:41:28.379 request:
1 > GET https://pokeapi.co/api/v2/pokemon?limit=10&offset=-1
1 > Accept-Encoding: gzip,deflate
1 > Authorization: authParameters
1 > Connection: Keep-Alive
1 > Host: pokeapi.co
1 > User-Agent: Apache-HttpClient/4.5.12 (Java/1.8.0_131)

11:41:30.064 response time in milliseconds: 1683.06
1 < 200
1 < Access-Control-Allow-Origin: *
1 < CF-Cache-Status: MISS
1 < CF-RAY: 5ce47ce8f90b1252-HKG
1 < Cache-Control: public, max-age=86400, s-maxage=86400
1 < Connection: keep-alive
1 < Content-Type: application/json; charset=utf-8
1 < Date: Sun, 06 Sep 2020 01:41:29 GMT
1 < Etag: W/"68-MOEZ4Wv/rHXyva6NHLC02cR3aFQ"
1 < Expect-CT: max-age=604800, report-uri="https://report-uri.cloudflare.com/cdn-cgi/beacon/expect-ct"
1 < Function-Execution-Id: ly8p5n5ebeyr
1 < Server: cloudflare
1 < Set-Cookie: __cfduid=d8bb6316d21041ab47ac6dd5cfaf3b0711599356489; expires=Tue, 06-Oct-20 01:41:29 GMT; path=/; domain=.pokeapi.co; HttpOnly; SameSite=Lax; Secure
1 < Transfer-Encoding: chunked
1 < Vary: Accept-Encoding,cookie,need-authorization, x-fh-requested-host, accept-encoding
1 < X-Cache: MISS
1 < X-Cache-Hits: 0
1 < X-Cloud-Trace-Context: c93abd12269b559aef1f0c8a3be99480;o=1
1 < X-Country-Code: HK
1 < X-Powered-By: Express
1 < X-Served-By: cache-hkg17920-HKG
1 < X-Timer: S1599356489.127458,VS0,VE659
1 < cf-request-id: 0502ac65990000125290bae200000001
{"count":1050,"next":"https://pokeapi.co/api/v2/pokemon?offset=9&limit=10","previous":null,"results":[]}

