20:27:11.926 karate.env system property was: dev 
20:27:11.928 >> lock acquired, begin callSingle: classpath:Functional/MicroServiceDefinitionLayer/Config/authRequest.feature
20:27:12.323 request:
1 > GET https://postman-echo.com/basic-auth
1 > Accept-Encoding: gzip,deflate
1 > Authorization: Basic cG9zdG1hbjpwYXNzd29yZA==
1 > Connection: Keep-Alive
1 > Host: postman-echo.com
1 > User-Agent: Apache-HttpClient/4.5.12 (Java/1.8.0_131)

20:27:13.604 response time in milliseconds: 1279.32
1 < 200
1 < Connection: keep-alive
1 < Content-Length: 22
1 < Content-Type: application/json; charset=utf-8
1 < Date: Sun, 25 Oct 2020 09:27:13 GMT
1 < ETag: W/"16-sJz8uwjdDv0wvm7//BYdNw8vMbU"
1 < Vary: Accept-Encoding
1 < set-cookie: sails.sid=s%3AreMBKZ9t0s5P3wTcsLVfHWtuAVaz6k8A.niKKdl3y9mzBjPJx9ayai09s1%2BFwXUxUziREnHB7Luc; Path=/; HttpOnly
{"authenticated":true}

20:27:13.613 << lock released, cached callSingle: classpath:Functional/MicroServiceDefinitionLayer/Config/authRequest.feature
20:27:13.624 AuthenticationToken:  true 
20:27:13.628 Token_Type:  dummy 
20:27:13.710 request:
1 > GET https://pokeapi.co/api/v2/pokemon?limit=50&offset=200
1 > Accept-Encoding: gzip,deflate
1 > Authorization: authParameters
1 > Connection: Keep-Alive
1 > Host: pokeapi.co
1 > User-Agent: Apache-HttpClient/4.5.12 (Java/1.8.0_131)

20:27:14.528 response time in milliseconds: 814.45
1 < 200
1 < Accept-Ranges: bytes
1 < Access-Control-Allow-Origin: *
1 < Age: 2064
1 < CF-Cache-Status: HIT
1 < CF-RAY: 5e7ae68aea0c24ad-HKG
1 < Cache-Control: public, max-age=86400, s-maxage=86400
1 < Connection: keep-alive
1 < Content-Type: application/json; charset=utf-8
1 < Date: Sun, 25 Oct 2020 09:27:14 GMT
1 < Etag: W/"d92-60b7JAFRSLQK1TDzC/GjwdU5z7I"
1 < Expect-CT: max-age=604800, report-uri="https://report-uri.cloudflare.com/cdn-cgi/beacon/expect-ct"
1 < Function-Execution-Id: otssghmbv8ao
1 < NEL: {"report_to":"cf-nel","max_age":604800}
1 < Report-To: {"endpoints":[{"url":"https:\/\/a.nel.cloudflare.com\/report?s=9pjuEI5q2BuVuiN6raXgp3OhYm0dwnwZ2tf3tQQE2U%2BqAQipuAOWSC5vYfgwvGSi%2F7J%2Blp%2FUbaXW2cpO%2B3co3hpb4GdD93HiMijx"}],"group":"cf-nel","max_age":604800}
1 < Server: cloudflare
1 < Set-Cookie: __cfduid=dc15bc2d8330379bffc5b57705b572ea41603618034; expires=Tue, 24-Nov-20 09:27:14 GMT; path=/; domain=.pokeapi.co; HttpOnly; SameSite=Lax; Secure
1 < Vary: Accept-Encoding,cookie,need-authorization, x-fh-requested-host, accept-encoding
1 < X-Cache: MISS
1 < X-Cache-Hits: 0
1 < X-Cloud-Trace-Context: ae3052897a7e7bdab7d834d29b5d319b
1 < X-Country-Code: MN
1 < X-Powered-By: Express
1 < X-Served-By: cache-hkg17922-HKG
1 < X-Timer: S1603615970.997801,VS0,VE668
1 < cf-request-id: 0600ae6ad2000024ad07b09000000001
{"count":1050,"next":"https://pokeapi.co/api/v2/pokemon?offset=250&limit=50","previous":"https://pokeapi.co/api/v2/pokemon?offset=150&limit=50","results":[{"name":"unown","url":"https://pokeapi.co/api/v2/pokemon/201/"},{"name":"wobbuffet","url":"https://pokeapi.co/api/v2/pokemon/202/"},{"name":"girafarig","url":"https://pokeapi.co/api/v2/pokemon/203/"},{"name":"pineco","url":"https://pokeapi.co/api/v2/pokemon/204/"},{"name":"forretress","url":"https://pokeapi.co/api/v2/pokemon/205/"},{"name":"dunsparce","url":"https://pokeapi.co/api/v2/pokemon/206/"},{"name":"gligar","url":"https://pokeapi.co/api/v2/pokemon/207/"},{"name":"steelix","url":"https://pokeapi.co/api/v2/pokemon/208/"},{"name":"snubbull","url":"https://pokeapi.co/api/v2/pokemon/209/"},{"name":"granbull","url":"https://pokeapi.co/api/v2/pokemon/210/"},{"name":"qwilfish","url":"https://pokeapi.co/api/v2/pokemon/211/"},{"name":"scizor","url":"https://pokeapi.co/api/v2/pokemon/212/"},{"name":"shuckle","url":"https://pokeapi.co/api/v2/pokemon/213/"},{"name":"heracross","url":"https://pokeapi.co/api/v2/pokemon/214/"},{"name":"sneasel","url":"https://pokeapi.co/api/v2/pokemon/215/"},{"name":"teddiursa","url":"https://pokeapi.co/api/v2/pokemon/216/"},{"name":"ursaring","url":"https://pokeapi.co/api/v2/pokemon/217/"},{"name":"slugma","url":"https://pokeapi.co/api/v2/pokemon/218/"},{"name":"magcargo","url":"https://pokeapi.co/api/v2/pokemon/219/"},{"name":"swinub","url":"https://pokeapi.co/api/v2/pokemon/220/"},{"name":"piloswine","url":"https://pokeapi.co/api/v2/pokemon/221/"},{"name":"corsola","url":"https://pokeapi.co/api/v2/pokemon/222/"},{"name":"remoraid","url":"https://pokeapi.co/api/v2/pokemon/223/"},{"name":"octillery","url":"https://pokeapi.co/api/v2/pokemon/224/"},{"name":"delibird","url":"https://pokeapi.co/api/v2/pokemon/225/"},{"name":"mantine","url":"https://pokeapi.co/api/v2/pokemon/226/"},{"name":"skarmory","url":"https://pokeapi.co/api/v2/pokemon/227/"},{"name":"houndour","url":"https://pokeapi.co/api/v2/pokemon/228/"},{"name":"houndoom","url":"https://pokeapi.co/api/v2/pokemon/229/"},{"name":"kingdra","url":"https://pokeapi.co/api/v2/pokemon/230/"},{"name":"phanpy","url":"https://pokeapi.co/api/v2/pokemon/231/"},{"name":"donphan","url":"https://pokeapi.co/api/v2/pokemon/232/"},{"name":"porygon2","url":"https://pokeapi.co/api/v2/pokemon/233/"},{"name":"stantler","url":"https://pokeapi.co/api/v2/pokemon/234/"},{"name":"smeargle","url":"https://pokeapi.co/api/v2/pokemon/235/"},{"name":"tyrogue","url":"https://pokeapi.co/api/v2/pokemon/236/"},{"name":"hitmontop","url":"https://pokeapi.co/api/v2/pokemon/237/"},{"name":"smoochum","url":"https://pokeapi.co/api/v2/pokemon/238/"},{"name":"elekid","url":"https://pokeapi.co/api/v2/pokemon/239/"},{"name":"magby","url":"https://pokeapi.co/api/v2/pokemon/240/"},{"name":"miltank","url":"https://pokeapi.co/api/v2/pokemon/241/"},{"name":"blissey","url":"https://pokeapi.co/api/v2/pokemon/242/"},{"name":"raikou","url":"https://pokeapi.co/api/v2/pokemon/243/"},{"name":"entei","url":"https://pokeapi.co/api/v2/pokemon/244/"},{"name":"suicune","url":"https://pokeapi.co/api/v2/pokemon/245/"},{"name":"larvitar","url":"https://pokeapi.co/api/v2/pokemon/246/"},{"name":"pupitar","url":"https://pokeapi.co/api/v2/pokemon/247/"},{"name":"tyranitar","url":"https://pokeapi.co/api/v2/pokemon/248/"},{"name":"lugia","url":"https://pokeapi.co/api/v2/pokemon/249/"},{"name":"ho-oh","url":"https://pokeapi.co/api/v2/pokemon/250/"}]}

