19:52:26.917 karate.env system property was:  
19:52:26.920 >> lock acquired, begin callSingle: classpath:Functional/MicroServiceDefinitionLayer/Config/authRequest.feature
19:52:27.354 request:
1 > GET https://postman-echo.com/basic-auth
1 > Accept-Encoding: gzip,deflate
1 > Authorization: Basic cG9zdG1hbjpwYXNzd29yZA==
1 > Connection: Keep-Alive
1 > Host: postman-echo.com
1 > User-Agent: Apache-HttpClient/4.5.12 (Java/1.8.0_131)

19:52:28.838 response time in milliseconds: 1482.33
1 < 200
1 < Connection: keep-alive
1 < Content-Length: 22
1 < Content-Type: application/json; charset=utf-8
1 < Date: Sun, 25 Oct 2020 08:52:28 GMT
1 < ETag: W/"16-sJz8uwjdDv0wvm7//BYdNw8vMbU"
1 < Vary: Accept-Encoding
1 < set-cookie: sails.sid=s%3ASu7sSImtuFxjgyMwwOdmkF2tzIiktcI4.qzbC9sjI%2BSdMdwi5613klrvYMrDrALjECUSm6TUc8h0; Path=/; HttpOnly
{"authenticated":true}

19:52:28.851 << lock released, cached callSingle: classpath:Functional/MicroServiceDefinitionLayer/Config/authRequest.feature
19:52:28.865 AuthenticationToken:  true 
19:52:28.866 Token_Type:  dummy 
19:52:40.873 [print] No Of @type text fields:  8
19:52:42.633 assertion failed: path: $, actual: '03 Sep 2020', expected: '03 Aug 2020', reason: not equal
19:52:43.840 karate.env system property was:  
19:52:43.865 AuthenticationToken:  true 
19:52:43.868 Token_Type:  dummy 
19:52:43.907 request:
1 > GET https://postman-echo.com/basic-auth
1 > Accept-Encoding: gzip,deflate
1 > Authorization: Basic cG9zdG1hbjpwYXNzd29yZA==
1 > Connection: Keep-Alive
1 > Host: postman-echo.com
1 > User-Agent: Apache-HttpClient/4.5.12 (Java/1.8.0_131)

19:52:44.698 response time in milliseconds: 789.57
1 < 200
1 < Connection: keep-alive
1 < Content-Length: 22
1 < Content-Type: application/json; charset=utf-8
1 < Date: Sun, 25 Oct 2020 08:52:44 GMT
1 < ETag: W/"16-sJz8uwjdDv0wvm7//BYdNw8vMbU"
1 < Vary: Accept-Encoding
1 < set-cookie: sails.sid=s%3AAdMtJOEuAvaRw6ehMSQnEvPPY4mHBmHT.F2ws%2Byyo%2FodMkOFplrACyDrEizsqTVIpNyB8BZr7xw0; Path=/; HttpOnly
{"authenticated":true}

19:52:44.735 karate.env system property was:  
19:52:44.735 AuthenticationToken:  true 
19:52:44.736 Token_Type:  dummy 
19:52:44.761 request:
1 > GET https://pokeapi.co/api/v2/pokemon?limit=10&offset=200
1 > Accept-Encoding: gzip,deflate
1 > Authorization: authParameters
1 > Connection: Keep-Alive
1 > Host: pokeapi.co
1 > User-Agent: Apache-HttpClient/4.5.12 (Java/1.8.0_131)

19:52:46.344 response time in milliseconds: 1581.34
1 < 200
1 < Access-Control-Allow-Origin: *
1 < CF-Cache-Status: MISS
1 < CF-RAY: 5e7ab4083d101975-HKG
1 < Cache-Control: public, max-age=86400, s-maxage=86400
1 < Connection: keep-alive
1 < Content-Type: application/json; charset=utf-8
1 < Date: Sun, 25 Oct 2020 08:52:46 GMT
1 < Etag: W/"337-WEokXI0Xl8ngEoHVQErOKDIpoLg"
1 < Expect-CT: max-age=604800, report-uri="https://report-uri.cloudflare.com/cdn-cgi/beacon/expect-ct"
1 < Function-Execution-Id: qohy5wopunbc
1 < NEL: {"report_to":"cf-nel","max_age":604800}
1 < Report-To: {"endpoints":[{"url":"https:\/\/a.nel.cloudflare.com\/report?s=Z4wWgbf1Ya%2Bl6HnsdqD06gv7fWmTnCE4zN0Sdpigu6TZdqJMi5QPhMyPjgjDFhjxVz7ea2LN%2FaweouWJFW%2FNof8y2iQZwAVYst6T"}],"group":"cf-nel","max_age":604800}
1 < Server: cloudflare
1 < Set-Cookie: __cfduid=d94fa433702b0bf53d29945e40c41c9b61603615965; expires=Tue, 24-Nov-20 08:52:45 GMT; path=/; domain=.pokeapi.co; HttpOnly; SameSite=Lax; Secure
1 < Transfer-Encoding: chunked
1 < Vary: Accept-Encoding,cookie,need-authorization, x-fh-requested-host, accept-encoding
1 < X-Cache: MISS
1 < X-Cache-Hits: 0
1 < X-Cloud-Trace-Context: 84567bbf9cadedfde70091cd404aa488
1 < X-Country-Code: HK
1 < X-Powered-By: Express
1 < X-Served-By: cache-hkg17933-HKG
1 < X-Timer: S1603615965.494516,VS0,VE713
1 < cf-request-id: 06008ed92800001975bcba0000000001
{"count":1050,"next":"https://pokeapi.co/api/v2/pokemon?offset=210&limit=10","previous":"https://pokeapi.co/api/v2/pokemon?offset=190&limit=10","results":[{"name":"unown","url":"https://pokeapi.co/api/v2/pokemon/201/"},{"name":"wobbuffet","url":"https://pokeapi.co/api/v2/pokemon/202/"},{"name":"girafarig","url":"https://pokeapi.co/api/v2/pokemon/203/"},{"name":"pineco","url":"https://pokeapi.co/api/v2/pokemon/204/"},{"name":"forretress","url":"https://pokeapi.co/api/v2/pokemon/205/"},{"name":"dunsparce","url":"https://pokeapi.co/api/v2/pokemon/206/"},{"name":"gligar","url":"https://pokeapi.co/api/v2/pokemon/207/"},{"name":"steelix","url":"https://pokeapi.co/api/v2/pokemon/208/"},{"name":"snubbull","url":"https://pokeapi.co/api/v2/pokemon/209/"},{"name":"granbull","url":"https://pokeapi.co/api/v2/pokemon/210/"}]}

19:52:46.371 karate.env system property was:  
19:52:46.372 AuthenticationToken:  true 
19:52:46.372 Token_Type:  dummy 
19:52:46.382 request:
1 > GET https://pokeapi.co/api/v2/pokemon?limit=10&offset=200
1 > Accept-Encoding: gzip,deflate
1 > Authorization: authParameters
1 > Connection: Keep-Alive
1 > Host: pokeapi.co
1 > User-Agent: Apache-HttpClient/4.5.12 (Java/1.8.0_131)

19:52:46.954 response time in milliseconds: 569.87
1 < 200
1 < Access-Control-Allow-Origin: *
1 < Age: 0
1 < CF-Cache-Status: HIT
1 < CF-RAY: 5e7ab4109e88329d-HKG
1 < Cache-Control: public, max-age=86400, s-maxage=86400
1 < Connection: keep-alive
1 < Content-Type: application/json; charset=utf-8
1 < Date: Sun, 25 Oct 2020 08:52:46 GMT
1 < Etag: W/"337-WEokXI0Xl8ngEoHVQErOKDIpoLg"
1 < Expect-CT: max-age=604800, report-uri="https://report-uri.cloudflare.com/cdn-cgi/beacon/expect-ct"
1 < Function-Execution-Id: qohy5wopunbc
1 < NEL: {"report_to":"cf-nel","max_age":604800}
1 < Report-To: {"endpoints":[{"url":"https:\/\/a.nel.cloudflare.com\/report?s=kzEwb77reDvxEk1%2FHsq7%2BcA4sLdoTQp%2FWGopCSzGc3BIMUfqlUXLgyPACqTQwiSmCOVP%2BiD%2BdsggRQ9pYnV7m9z7pXGxjd9ABwsL"}],"group":"cf-nel","max_age":604800}
1 < Server: cloudflare
1 < Set-Cookie: __cfduid=d17f9b013db70fa3492f84b2d72d576481603615966; expires=Tue, 24-Nov-20 08:52:46 GMT; path=/; domain=.pokeapi.co; HttpOnly; SameSite=Lax; Secure
1 < Transfer-Encoding: chunked
1 < Vary: Accept-Encoding,cookie,need-authorization, x-fh-requested-host, accept-encoding
1 < X-Cache: MISS
1 < X-Cache-Hits: 0
1 < X-Cloud-Trace-Context: 84567bbf9cadedfde70091cd404aa488
1 < X-Country-Code: HK
1 < X-Powered-By: Express
1 < X-Served-By: cache-hkg17933-HKG
1 < X-Timer: S1603615965.494516,VS0,VE713
1 < cf-request-id: 06008ede5d0000329d88273000000001
{"count":1050,"next":"https://pokeapi.co/api/v2/pokemon?offset=210&limit=10","previous":"https://pokeapi.co/api/v2/pokemon?offset=190&limit=10","results":[{"name":"unown","url":"https://pokeapi.co/api/v2/pokemon/201/"},{"name":"wobbuffet","url":"https://pokeapi.co/api/v2/pokemon/202/"},{"name":"girafarig","url":"https://pokeapi.co/api/v2/pokemon/203/"},{"name":"pineco","url":"https://pokeapi.co/api/v2/pokemon/204/"},{"name":"forretress","url":"https://pokeapi.co/api/v2/pokemon/205/"},{"name":"dunsparce","url":"https://pokeapi.co/api/v2/pokemon/206/"},{"name":"gligar","url":"https://pokeapi.co/api/v2/pokemon/207/"},{"name":"steelix","url":"https://pokeapi.co/api/v2/pokemon/208/"},{"name":"snubbull","url":"https://pokeapi.co/api/v2/pokemon/209/"},{"name":"granbull","url":"https://pokeapi.co/api/v2/pokemon/210/"}]}

19:52:46.977 karate.env system property was:  
19:52:46.978 AuthenticationToken:  true 
19:52:46.979 Token_Type:  dummy 
19:52:46.989 request:
1 > GET https://pokeapi.co/api/v2/pokemon?limit=16&offset=200
1 > Accept-Encoding: gzip,deflate
1 > Authorization: authParameters
1 > Connection: Keep-Alive
1 > Host: pokeapi.co
1 > User-Agent: Apache-HttpClient/4.5.12 (Java/1.8.0_131)

19:52:48.184 response time in milliseconds: 1193.22
1 < 200
1 < Accept-Ranges: bytes
1 < CF-Cache-Status: MISS
1 < CF-RAY: 5e7ab4146ed1191d-HKG
1 < Connection: keep-alive
1 < Content-Type: application/json; charset=utf-8
1 < Date: Sun, 25 Oct 2020 08:52:48 GMT
1 < Expect-CT: max-age=604800, report-uri="https://report-uri.cloudflare.com/cdn-cgi/beacon/expect-ct"
1 < NEL: {"report_to":"cf-nel","max_age":604800}
1 < Report-To: {"endpoints":[{"url":"https:\/\/a.nel.cloudflare.com\/report?s=MUCXe4j8ntbfPDls%2FV4zcPnGWOybxe96KgsDyAobWgtBq5XJM49aelSJ9vTBKSaWA9mn3mgov6cm64%2Fd6TVQ38sOiKMzTweK6S7T"}],"group":"cf-nel","max_age":604800}
1 < Server: cloudflare
1 < Set-Cookie: __cfduid=dd5855644dc443a57c39aa1498eb1bd951603615967; expires=Tue, 24-Nov-20 08:52:47 GMT; path=/; domain=.pokeapi.co; HttpOnly; SameSite=Lax; Secure
1 < access-control-allow-origin: *
1 < cache-control: public, max-age=86400, s-maxage=86400
1 < cf-request-id: 06008ee0c40000191d6784b000000001
1 < etag: W/"4c7-++qwizJphK7yop1EWHKbfIu44tU"
1 < function-execution-id: qohysii8b2xt
1 < vary: Accept-Encoding,cookie,need-authorization, x-fh-requested-host, accept-encoding
1 < x-cache: MISS
1 < x-cache-hits: 0
1 < x-cloud-trace-context: 79279178c639ac09512da629e2696a6e
1 < x-country-code: HK
1 < x-powered-by: Express
1 < x-served-by: cache-hkg17922-HKG
1 < x-timer: S1603615967.442290,VS0,VE631
{"count":1050,"next":"https://pokeapi.co/api/v2/pokemon?offset=216&limit=16","previous":"https://pokeapi.co/api/v2/pokemon?offset=184&limit=16","results":[{"name":"unown","url":"https://pokeapi.co/api/v2/pokemon/201/"},{"name":"wobbuffet","url":"https://pokeapi.co/api/v2/pokemon/202/"},{"name":"girafarig","url":"https://pokeapi.co/api/v2/pokemon/203/"},{"name":"pineco","url":"https://pokeapi.co/api/v2/pokemon/204/"},{"name":"forretress","url":"https://pokeapi.co/api/v2/pokemon/205/"},{"name":"dunsparce","url":"https://pokeapi.co/api/v2/pokemon/206/"},{"name":"gligar","url":"https://pokeapi.co/api/v2/pokemon/207/"},{"name":"steelix","url":"https://pokeapi.co/api/v2/pokemon/208/"},{"name":"snubbull","url":"https://pokeapi.co/api/v2/pokemon/209/"},{"name":"granbull","url":"https://pokeapi.co/api/v2/pokemon/210/"},{"name":"qwilfish","url":"https://pokeapi.co/api/v2/pokemon/211/"},{"name":"scizor","url":"https://pokeapi.co/api/v2/pokemon/212/"},{"name":"shuckle","url":"https://pokeapi.co/api/v2/pokemon/213/"},{"name":"heracross","url":"https://pokeapi.co/api/v2/pokemon/214/"},{"name":"sneasel","url":"https://pokeapi.co/api/v2/pokemon/215/"},{"name":"teddiursa","url":"https://pokeapi.co/api/v2/pokemon/216/"}]}

19:52:48.217 karate.env system property was:  
19:52:48.218 AuthenticationToken:  true 
19:52:48.219 Token_Type:  dummy 
19:52:48.234 request:
1 > GET https://pokeapi.co/api/v2/pokemon?limit=20&offset=200
1 > Accept-Encoding: gzip,deflate
1 > Authorization: authParameters
1 > Connection: Keep-Alive
1 > Host: pokeapi.co
1 > User-Agent: Apache-HttpClient/4.5.12 (Java/1.8.0_131)

19:52:49.514 response time in milliseconds: 1278.84
1 < 200
1 < Accept-Ranges: bytes
1 < Access-Control-Allow-Origin: *
1 < CF-Cache-Status: MISS
1 < CF-RAY: 5e7ab41c19af0ba4-HKG
1 < Cache-Control: public, max-age=86400, s-maxage=86400
1 < Connection: keep-alive
1 < Content-Type: application/json; charset=utf-8
1 < Date: Sun, 25 Oct 2020 08:52:49 GMT
1 < Etag: W/"5cf-jFDcS2szrWGjqpGTVSln/4odnCQ"
1 < Expect-CT: max-age=604800, report-uri="https://report-uri.cloudflare.com/cdn-cgi/beacon/expect-ct"
1 < Function-Execution-Id: qohyeos9k5iv
1 < NEL: {"report_to":"cf-nel","max_age":604800}
1 < Report-To: {"endpoints":[{"url":"https:\/\/a.nel.cloudflare.com\/report?s=DRm7ngPIHoI4xJHIP3adoLQfHnT4Zy09eiUmVEMLkVhXcUi4OviAgxksct1FupE1lK7bVsYFehbGXwfeyUJEQ1Ls%2BabNutosLBTQ"}],"group":"cf-nel","max_age":604800}
1 < Server: cloudflare
1 < Set-Cookie: __cfduid=d23bfb8cd0fe3c2499b22235231d5ca1c1603615968; expires=Tue, 24-Nov-20 08:52:48 GMT; path=/; domain=.pokeapi.co; HttpOnly; SameSite=Lax; Secure
1 < Vary: Accept-Encoding,cookie,need-authorization, x-fh-requested-host, accept-encoding
1 < X-Cache: MISS
1 < X-Cache-Hits: 0
1 < X-Cloud-Trace-Context: ee3170a11f90d59eee9eb38e0072327e
1 < X-Country-Code: HK
1 < X-Powered-By: Express
1 < X-Served-By: cache-hkg17928-HKG
1 < X-Timer: S1603615969.669617,VS0,VE699
1 < cf-request-id: 06008ee59000000ba4441dc000000001
{"count":1050,"next":"https://pokeapi.co/api/v2/pokemon?offset=220&limit=20","previous":"https://pokeapi.co/api/v2/pokemon?offset=180&limit=20","results":[{"name":"unown","url":"https://pokeapi.co/api/v2/pokemon/201/"},{"name":"wobbuffet","url":"https://pokeapi.co/api/v2/pokemon/202/"},{"name":"girafarig","url":"https://pokeapi.co/api/v2/pokemon/203/"},{"name":"pineco","url":"https://pokeapi.co/api/v2/pokemon/204/"},{"name":"forretress","url":"https://pokeapi.co/api/v2/pokemon/205/"},{"name":"dunsparce","url":"https://pokeapi.co/api/v2/pokemon/206/"},{"name":"gligar","url":"https://pokeapi.co/api/v2/pokemon/207/"},{"name":"steelix","url":"https://pokeapi.co/api/v2/pokemon/208/"},{"name":"snubbull","url":"https://pokeapi.co/api/v2/pokemon/209/"},{"name":"granbull","url":"https://pokeapi.co/api/v2/pokemon/210/"},{"name":"qwilfish","url":"https://pokeapi.co/api/v2/pokemon/211/"},{"name":"scizor","url":"https://pokeapi.co/api/v2/pokemon/212/"},{"name":"shuckle","url":"https://pokeapi.co/api/v2/pokemon/213/"},{"name":"heracross","url":"https://pokeapi.co/api/v2/pokemon/214/"},{"name":"sneasel","url":"https://pokeapi.co/api/v2/pokemon/215/"},{"name":"teddiursa","url":"https://pokeapi.co/api/v2/pokemon/216/"},{"name":"ursaring","url":"https://pokeapi.co/api/v2/pokemon/217/"},{"name":"slugma","url":"https://pokeapi.co/api/v2/pokemon/218/"},{"name":"magcargo","url":"https://pokeapi.co/api/v2/pokemon/219/"},{"name":"swinub","url":"https://pokeapi.co/api/v2/pokemon/220/"}]}

19:52:49.541 karate.env system property was:  
19:52:49.541 AuthenticationToken:  true 
19:52:49.542 Token_Type:  dummy 
19:52:49.555 request:
1 > GET https://pokeapi.co/api/v2/pokemon?limit=50&offset=200
1 > Accept-Encoding: gzip,deflate
1 > Authorization: authParameters
1 > Connection: Keep-Alive
1 > Host: pokeapi.co
1 > User-Agent: Apache-HttpClient/4.5.12 (Java/1.8.0_131)

19:52:50.846 response time in milliseconds: 1289.85
1 < 200
1 < Accept-Ranges: bytes
1 < Access-Control-Allow-Origin: *
1 < CF-Cache-Status: MISS
1 < CF-RAY: 5e7ab4246bc50bcc-HKG
1 < Cache-Control: public, max-age=86400, s-maxage=86400
1 < Connection: keep-alive
1 < Content-Type: application/json; charset=utf-8
1 < Date: Sun, 25 Oct 2020 08:52:50 GMT
1 < Etag: W/"d92-60b7JAFRSLQK1TDzC/GjwdU5z7I"
1 < Expect-CT: max-age=604800, report-uri="https://report-uri.cloudflare.com/cdn-cgi/beacon/expect-ct"
1 < Function-Execution-Id: otssghmbv8ao
1 < NEL: {"report_to":"cf-nel","max_age":604800}
1 < Report-To: {"endpoints":[{"url":"https:\/\/a.nel.cloudflare.com\/report?s=GsroAwns7JjPDD6hGizmVWlXH94tV%2FzlXdPSx9%2BcYGP1B%2BzaUbw0Jp%2FuTPm5qlo9dgCAif1HG7ioAZ%2BaRv3o7z9OPKzSZC0mCa4Y"}],"group":"cf-nel","max_age":604800}
1 < Server: cloudflare
1 < Set-Cookie: __cfduid=dfbf20e1fa693339e46e8b90d1bf1dee81603615969; expires=Tue, 24-Nov-20 08:52:49 GMT; path=/; domain=.pokeapi.co; HttpOnly; SameSite=Lax; Secure
1 < Vary: Accept-Encoding,cookie,need-authorization, x-fh-requested-host, accept-encoding
1 < X-Cache: MISS
1 < X-Cache-Hits: 0
1 < X-Cloud-Trace-Context: ae3052897a7e7bdab7d834d29b5d319b
1 < X-Country-Code: MN
1 < X-Powered-By: Express
1 < X-Served-By: cache-hkg17922-HKG
1 < X-Timer: S1603615970.997801,VS0,VE668
1 < cf-request-id: 06008eeac300000bcc2e13f000000001
{"count":1050,"next":"https://pokeapi.co/api/v2/pokemon?offset=250&limit=50","previous":"https://pokeapi.co/api/v2/pokemon?offset=150&limit=50","results":[{"name":"unown","url":"https://pokeapi.co/api/v2/pokemon/201/"},{"name":"wobbuffet","url":"https://pokeapi.co/api/v2/pokemon/202/"},{"name":"girafarig","url":"https://pokeapi.co/api/v2/pokemon/203/"},{"name":"pineco","url":"https://pokeapi.co/api/v2/pokemon/204/"},{"name":"forretress","url":"https://pokeapi.co/api/v2/pokemon/205/"},{"name":"dunsparce","url":"https://pokeapi.co/api/v2/pokemon/206/"},{"name":"gligar","url":"https://pokeapi.co/api/v2/pokemon/207/"},{"name":"steelix","url":"https://pokeapi.co/api/v2/pokemon/208/"},{"name":"snubbull","url":"https://pokeapi.co/api/v2/pokemon/209/"},{"name":"granbull","url":"https://pokeapi.co/api/v2/pokemon/210/"},{"name":"qwilfish","url":"https://pokeapi.co/api/v2/pokemon/211/"},{"name":"scizor","url":"https://pokeapi.co/api/v2/pokemon/212/"},{"name":"shuckle","url":"https://pokeapi.co/api/v2/pokemon/213/"},{"name":"heracross","url":"https://pokeapi.co/api/v2/pokemon/214/"},{"name":"sneasel","url":"https://pokeapi.co/api/v2/pokemon/215/"},{"name":"teddiursa","url":"https://pokeapi.co/api/v2/pokemon/216/"},{"name":"ursaring","url":"https://pokeapi.co/api/v2/pokemon/217/"},{"name":"slugma","url":"https://pokeapi.co/api/v2/pokemon/218/"},{"name":"magcargo","url":"https://pokeapi.co/api/v2/pokemon/219/"},{"name":"swinub","url":"https://pokeapi.co/api/v2/pokemon/220/"},{"name":"piloswine","url":"https://pokeapi.co/api/v2/pokemon/221/"},{"name":"corsola","url":"https://pokeapi.co/api/v2/pokemon/222/"},{"name":"remoraid","url":"https://pokeapi.co/api/v2/pokemon/223/"},{"name":"octillery","url":"https://pokeapi.co/api/v2/pokemon/224/"},{"name":"delibird","url":"https://pokeapi.co/api/v2/pokemon/225/"},{"name":"mantine","url":"https://pokeapi.co/api/v2/pokemon/226/"},{"name":"skarmory","url":"https://pokeapi.co/api/v2/pokemon/227/"},{"name":"houndour","url":"https://pokeapi.co/api/v2/pokemon/228/"},{"name":"houndoom","url":"https://pokeapi.co/api/v2/pokemon/229/"},{"name":"kingdra","url":"https://pokeapi.co/api/v2/pokemon/230/"},{"name":"phanpy","url":"https://pokeapi.co/api/v2/pokemon/231/"},{"name":"donphan","url":"https://pokeapi.co/api/v2/pokemon/232/"},{"name":"porygon2","url":"https://pokeapi.co/api/v2/pokemon/233/"},{"name":"stantler","url":"https://pokeapi.co/api/v2/pokemon/234/"},{"name":"smeargle","url":"https://pokeapi.co/api/v2/pokemon/235/"},{"name":"tyrogue","url":"https://pokeapi.co/api/v2/pokemon/236/"},{"name":"hitmontop","url":"https://pokeapi.co/api/v2/pokemon/237/"},{"name":"smoochum","url":"https://pokeapi.co/api/v2/pokemon/238/"},{"name":"elekid","url":"https://pokeapi.co/api/v2/pokemon/239/"},{"name":"magby","url":"https://pokeapi.co/api/v2/pokemon/240/"},{"name":"miltank","url":"https://pokeapi.co/api/v2/pokemon/241/"},{"name":"blissey","url":"https://pokeapi.co/api/v2/pokemon/242/"},{"name":"raikou","url":"https://pokeapi.co/api/v2/pokemon/243/"},{"name":"entei","url":"https://pokeapi.co/api/v2/pokemon/244/"},{"name":"suicune","url":"https://pokeapi.co/api/v2/pokemon/245/"},{"name":"larvitar","url":"https://pokeapi.co/api/v2/pokemon/246/"},{"name":"pupitar","url":"https://pokeapi.co/api/v2/pokemon/247/"},{"name":"tyranitar","url":"https://pokeapi.co/api/v2/pokemon/248/"},{"name":"lugia","url":"https://pokeapi.co/api/v2/pokemon/249/"},{"name":"ho-oh","url":"https://pokeapi.co/api/v2/pokemon/250/"}]}

19:52:50.876 karate.env system property was:  
19:52:50.878 AuthenticationToken:  true 
19:52:50.879 Token_Type:  dummy 
19:52:50.889 request:
1 > GET https://pokeapi.co/api/v2/pokemon?limit=10&offset=-1
1 > Accept-Encoding: gzip,deflate
1 > Authorization: authParameters
1 > Connection: Keep-Alive
1 > Host: pokeapi.co
1 > User-Agent: Apache-HttpClient/4.5.12 (Java/1.8.0_131)

19:52:52.381 response time in milliseconds: 1490.68
1 < 200
1 < Access-Control-Allow-Origin: *
1 < CF-Cache-Status: MISS
1 < CF-RAY: 5e7ab42cbe810bd6-HKG
1 < Cache-Control: public, max-age=86400, s-maxage=86400
1 < Connection: keep-alive
1 < Content-Type: application/json; charset=utf-8
1 < Date: Sun, 25 Oct 2020 08:52:52 GMT
1 < Etag: W/"68-MOEZ4Wv/rHXyva6NHLC02cR3aFQ"
1 < Expect-CT: max-age=604800, report-uri="https://report-uri.cloudflare.com/cdn-cgi/beacon/expect-ct"
1 < Function-Execution-Id: qohykp9vpq71
1 < NEL: {"report_to":"cf-nel","max_age":604800}
1 < Report-To: {"endpoints":[{"url":"https:\/\/a.nel.cloudflare.com\/report?s=cfPaHBe%2BmTtA5TNZR6JTRUtSST7Ni246FwZ19ondT%2FpvkLm0A%2FkWtcYOPgwrp%2BdpDcWRv0ge%2FyyZTF%2FzGLNjADczYRkUiAAmvmcv"}],"group":"cf-nel","max_age":604800}
1 < Server: cloudflare
1 < Set-Cookie: __cfduid=dc28fdb8aae399b22645a079f25f174981603615971; expires=Tue, 24-Nov-20 08:52:51 GMT; path=/; domain=.pokeapi.co; HttpOnly; SameSite=Lax; Secure
1 < Transfer-Encoding: chunked
1 < Vary: Accept-Encoding,cookie,need-authorization, x-fh-requested-host, accept-encoding
1 < X-Cache: MISS
1 < X-Cache-Hits: 0
1 < X-Cloud-Trace-Context: a6cb4d13c38faf22c251bc4c0c09ff20;o=1
1 < X-Country-Code: HK
1 < X-Powered-By: Express
1 < X-Served-By: cache-hkg17925-HKG
1 < X-Timer: S1603615971.337296,VS0,VE929
1 < cf-request-id: 06008eeff500000bd6a40af000000001
{"count":1050,"next":"https://pokeapi.co/api/v2/pokemon?offset=9&limit=10","previous":null,"results":[]}

